<?xml version="1.0" encoding="UTF-8"?>
<!-- Generated by org.testng.reporters.JUnitReportReporter -->
<testsuite hostname="DESKTOP-MQLPV38" failures="0" tests="2" name="LinkedIn_Pratice.PageFactoryLoginTest" time="1.090" errors="0" timestamp="2025-10-28T21:17:15 IST" skipped="0">
  <testcase classname="LinkedIn_Pratice.PageFactoryLoginTest" name="loginTest" time="0.397"/>
  <testcase classname="LinkedIn_Pratice.PageFactoryLoginTest" name="validateMenuItems" time="0.693"/>
</testsuite> <!-- LinkedIn_Pratice.PageFactoryLoginTest -->
