<?xml version="1.0" encoding="UTF-8"?>
<!-- Generated by org.testng.reporters.JUnitReportReporter -->
<testsuite hostname="DESKTOP-MQLPV38" failures="0" tests="1" name="testCase.Alert_Frames__002" time="3.617" errors="0" timestamp="2025-02-10T22:00:55 IST" skipped="0">
  <testcase classname="testCase.Alert_Frames__002" name="alert" time="3.617"/>
</testsuite> <!-- testCase.Alert_Frames__002 -->
