<?xml version="1.0" encoding="UTF-8"?>
<!-- Generated by org.testng.reporters.JUnitReportReporter -->
<testsuite hostname="DESKTOP-MQLPV38" failures="0" tests="1" name="testCase.TC__004_SummerNote" time="4.409" errors="0" timestamp="2025-03-31T13:53:33 IST" skipped="0">
  <testcase classname="testCase.TC__004_SummerNote" name="SummaryNote" time="4.409"/>
</testsuite> <!-- testCase.TC__004_SummerNote -->
