<?xml version="1.0" encoding="UTF-8"?>
<!-- Generated by org.testng.reporters.JUnitReportReporter -->
<testsuite hostname="DESKTOP-MQLPV38" failures="0" tests="3" name="LinkedIn_Pratice.Dependency" time="50.152" errors="0" timestamp="2025-10-24T20:44:55 IST" skipped="0">
  <testcase classname="LinkedIn_Pratice.Dependency" name="loginTest" time="9.762"/>
  <testcase classname="LinkedIn_Pratice.Dependency" name="dashboardTest" time="0.046"/>
  <testcase classname="LinkedIn_Pratice.Dependency" name="logout" time="40.344"/>
</testsuite> <!-- LinkedIn_Pratice.Dependency -->
