<?xml version="1.0" encoding="UTF-8"?>
<!-- Generated by org.testng.reporters.JUnitReportReporter -->
<testsuite hostname="DESKTOP-MQLPV38" failures="0" tests="2" name="LinkedIn_Pratice.DropdownHandlingTest" time="0.578" errors="0" timestamp="2025-10-24T20:44:55 IST" skipped="0">
  <testcase classname="LinkedIn_Pratice.DropdownHandlingTest" name="handleSingleDropdown" time="0.198"/>
  <testcase classname="LinkedIn_Pratice.DropdownHandlingTest" name="multabileselection" time="0.380"/>
</testsuite> <!-- LinkedIn_Pratice.DropdownHandlingTest -->
