<?xml version="1.0" encoding="UTF-8"?>
<!-- Generated by org.testng.reporters.JUnitReportReporter -->
<testsuite hostname="DESKTOP-MQLPV38" failures="0" tests="2" name="testCase.TC_003_Widgets" time="4.094" errors="0" timestamp="2025-03-31T11:36:30 IST" skipped="1">
  <testcase classname="testCase.TC_003_Widgets" name="Widgets2" time="4.094"/>
  <testcase classname="testCase.TC_003_Widgets" name="Widgets">
    <skipped/>
  </testcase> <!-- Widgets -->
</testsuite> <!-- testCase.TC_003_Widgets -->
