<?xml version="1.0" encoding="UTF-8"?>
<!-- Generated by org.testng.reporters.JUnitReportReporter -->
<testsuite hostname="DESKTOP-MQLPV38" failures="0" tests="1" name="Pratice.Alert" time="0.076" errors="0" timestamp="2025-10-09T22:43:06 IST" skipped="0">
  <testcase classname="Pratice.Alert" name="handleSimpleAlert" time="0.076"/>
</testsuite> <!-- Pratice.Alert -->
