<?xml version="1.0" encoding="UTF-8"?>
<!-- Generated by org.testng.reporters.JUnitReportReporter -->
<testsuite hostname="DESKTOP-MQLPV38" failures="0" tests="3" name="Pratice.HandleSimpleAlertTest" time="0.190" errors="0" timestamp="2025-10-09T22:57:06 IST" skipped="0">
  <testcase classname="Pratice.HandleSimpleAlertTest" name="handleSimpleAlert" time="0.077"/>
  <testcase classname="Pratice.HandleSimpleAlertTest" name="handleConfirmAlert" time="0.054"/>
  <testcase classname="Pratice.HandleSimpleAlertTest" name="handlePromptAlert" time="0.059"/>
</testsuite> <!-- Pratice.HandleSimpleAlertTest -->
