<?xml version="1.0" encoding="UTF-8"?>
<!-- Generated by org.testng.reporters.JUnitReportReporter -->
<testsuite hostname="DESKTOP-MQLPV38" failures="0" tests="2" name="LinkedIn_Pratice.DataProviderr" time="1.774" errors="0" timestamp="2025-10-24T20:44:55 IST" skipped="0">
  <testcase classname="LinkedIn_Pratice.DataProviderr" name="loginTest" time="0.230"/>
  <testcase classname="LinkedIn_Pratice.DataProviderr" name="loginTest" time="1.544"/>
</testsuite> <!-- LinkedIn_Pratice.DataProviderr -->
