<?xml version="1.0" encoding="UTF-8"?>
<!-- Generated by org.testng.reporters.JUnitReportReporter -->
<testsuite hostname="DESKTOP-MQLPV38" failures="0" tests="2" name="LinkedIn_Pratice.FrameHandling" time="10.403" errors="0" timestamp="2025-10-24T20:44:55 IST" skipped="0">
  <testcase classname="LinkedIn_Pratice.FrameHandling" name="handleSingleFrame" time="10.235"/>
  <testcase classname="LinkedIn_Pratice.FrameHandling" name="handleNestedFrames" time="0.168"/>
</testsuite> <!-- LinkedIn_Pratice.FrameHandling -->
