<?xml version="1.0" encoding="UTF-8"?>
<!-- Generated by org.testng.reporters.JUnitReportReporter -->
<testsuite hostname="DESKTOP-MQLPV38" failures="0" tests="2" name="LinkedIn_Pratice.RadioButtons" time="0.088" errors="0" timestamp="2025-10-24T20:44:55 IST" skipped="0">
  <testcase classname="LinkedIn_Pratice.RadioButtons" name="selectMaleRadioButton" time="0.044"/>
  <testcase classname="LinkedIn_Pratice.RadioButtons" name="handleAllRadioButtons" time="0.044"/>
</testsuite> <!-- LinkedIn_Pratice.RadioButtons -->
