<?xml version="1.0" encoding="UTF-8"?>
<!-- Generated by org.testng.reporters.JUnitReportReporter -->
<testsuite hostname="DESKTOP-MQLPV38" failures="0" tests="1" name="LinkedIn_Pratice.Parameter" time="0.029" errors="0" timestamp="2025-10-25T22:01:36 IST" skipped="0">
  <testcase classname="LinkedIn_Pratice.Parameter" name="validatePageTitle" time="0.029"/>
</testsuite> <!-- LinkedIn_Pratice.Parameter -->
