<?xml version="1.0" encoding="UTF-8"?>
<!-- Generated by org.testng.reporters.JUnitReportReporter -->
<testsuite hostname="DESKTOP-MQLPV38" failures="0" tests="2" name="Pratice.radiobuttons" time="0.086" errors="0" timestamp="2025-10-17T21:51:17 IST" skipped="0">
  <testcase classname="Pratice.radiobuttons" name="selectMaleRadioButton" time="0.045"/>
  <testcase classname="Pratice.radiobuttons" name="handleAllRadiobuttons" time="0.041"/>
</testsuite> <!-- Pratice.radiobuttons -->
