<?xml version="1.0" encoding="UTF-8"?>
<!-- Generated by org.testng.reporters.JUnitReportReporter -->
<testsuite hostname="DESKTOP-MQLPV38" failures="0" tests="3" name="LinkedIn_Pratice.Dependency" time="4.828" errors="0" timestamp="2025-10-22T20:36:14 IST" skipped="0">
  <testcase classname="LinkedIn_Pratice.Dependency" name="loginTest" time="2.892"/>
  <testcase classname="LinkedIn_Pratice.Dependency" name="dashboardTest" time="0.052"/>
  <testcase classname="LinkedIn_Pratice.Dependency" name="logout" time="1.884"/>
</testsuite> <!-- LinkedIn_Pratice.Dependency -->
