<?xml version="1.0" encoding="UTF-8"?>
<!-- Generated by org.testng.reporters.JUnitReportReporter -->
<testsuite hostname="DESKTOP-MQLPV38" failures="0" tests="3" name="LinkedIn_Pratice.HandleSimpleAlertTest" time="0.184" errors="0" timestamp="2025-10-24T20:44:55 IST" skipped="0">
  <testcase classname="LinkedIn_Pratice.HandleSimpleAlertTest" name="handleSimpleAlert" time="0.068"/>
  <testcase classname="LinkedIn_Pratice.HandleSimpleAlertTest" name="handleConfirmAlert" time="0.053"/>
  <testcase classname="LinkedIn_Pratice.HandleSimpleAlertTest" name="handlePromptAlert" time="0.063"/>
</testsuite> <!-- LinkedIn_Pratice.HandleSimpleAlertTest -->
