<?xml version="1.0" encoding="UTF-8"?>
<!-- Generated by org.testng.reporters.JUnitReportReporter -->
<testsuite hostname="DESKTOP-MQLPV38" failures="0" tests="1" name="LinkedIn_Pratice.DataDrivenLoginTestWithLog4j" time="2.352" errors="0" timestamp="2025-10-25T22:02:29 IST" skipped="0">
  <testcase classname="LinkedIn_Pratice.DataDrivenLoginTestWithLog4j" name="loginTest" time="2.352"/>
</testsuite> <!-- LinkedIn_Pratice.DataDrivenLoginTestWithLog4j -->
