<?xml version="1.0" encoding="UTF-8"?>
<!-- Generated by org.testng.reporters.JUnitReportReporter -->
<testsuite hostname="DESKTOP-MQLPV38" failures="0" tests="2" name="Pratice.DropdownHandlingTest" time="0.564" errors="0" timestamp="2025-10-14T20:33:34 IST" skipped="0">
  <testcase classname="Pratice.DropdownHandlingTest" name="multabileselection" time="0.359"/>
  <testcase classname="Pratice.DropdownHandlingTest" name="handleSingleDropdown" time="0.205"/>
</testsuite> <!-- Pratice.DropdownHandlingTest -->
