<?xml version="1.0" encoding="UTF-8"?>
<!-- Generated by org.testng.reporters.JUnitReportReporter -->
<testsuite hostname="DESKTOP-MQLPV38" failures="0" tests="2" name="Pratice.CheckBox" time="0.341" errors="0" timestamp="2025-10-15T22:03:22 IST" skipped="0">
  <testcase classname="Pratice.CheckBox" name="handleMutableCheckBox" time="0.310"/>
  <testcase classname="Pratice.CheckBox" name="haandlesSingleCheckBox" time="0.031"/>
</testsuite> <!-- Pratice.CheckBox -->
