<?xml version="1.0" encoding="UTF-8"?>
<!-- Generated by org.testng.reporters.JUnitReportReporter -->
<testsuite hostname="DESKTOP-MQLPV38" failures="0" tests="1" name="LinkedIn_Pratice.HandleWebElements_Collection" time="2.111" errors="0" timestamp="2025-10-27T20:41:58 IST" skipped="0">
  <testcase classname="LinkedIn_Pratice.HandleWebElements_Collection" name="extractProductName" time="2.111"/>
</testsuite> <!-- LinkedIn_Pratice.HandleWebElements_Collection -->
